2025-06-11 12:13:45 - dvc_operations - INFO - 游꿢 BEFORE: dvc_initialization
2025-06-11 12:13:45 - dvc_operations - INFO - 游닌 Input Context:
{
  "operation": "dvc_initialization",
  "started_at": "/Users/joshuawink/Documents/github/bird-bone-ai",
  "errors": []
}
2025-06-11 12:13:46 - dvc_operations - INFO - 游끠 AFTER: validate_prerequisites
2025-06-11 12:13:46 - dvc_operations - INFO - 游닋 Output Context:
{
  "operation": "validate_prerequisites",
  "started_at": "/Users/joshuawink/Documents/github/bird-bone-ai",
  "errors": [],
  "dvc_version": "3.60.0",
  "dvc_available": true,
  "git_available": true,
  "models_dir": "/Users/joshuawink/Documents/github/bird-bone-ai/models",
  "models_exists": true,
  "project_root": "/Users/joshuawink/Documents/github/bird-bone-ai"
}
2025-06-11 12:13:46 - dvc_operations - INFO - 游꿢 BEFORE: validate_prerequisites
2025-06-11 12:13:46 - dvc_operations - INFO - 游닌 Input Context:
{
  "operation": "validate_prerequisites",
  "started_at": "/Users/joshuawink/Documents/github/bird-bone-ai",
  "errors": [],
  "dvc_version": "3.60.0",
  "dvc_available": true,
  "git_available": true,
  "models_dir": "/Users/joshuawink/Documents/github/bird-bone-ai/models",
  "models_exists": true,
  "project_root": "/Users/joshuawink/Documents/github/bird-bone-ai"
}
2025-06-11 12:13:46 - dvc_operations - INFO - 游끠 AFTER: initialize_dvc_subdirectory
2025-06-11 12:13:46 - dvc_operations - INFO - 游닋 Output Context:
{
  "operation": "initialize_dvc_subdirectory",
  "started_at": "/Users/joshuawink/Documents/github/bird-bone-ai",
  "errors": [],
  "dvc_version": "3.60.0",
  "dvc_available": true,
  "git_available": true,
  "models_dir": "/Users/joshuawink/Documents/github/bird-bone-ai/models",
  "models_exists": true,
  "project_root": "/Users/joshuawink/Documents/github/bird-bone-ai",
  "dvc_initialized": true,
  "dvc_dir": "/Users/joshuawink/Documents/github/bird-bone-ai/models/.dvc",
  "dvc_config_path": "/Users/joshuawink/Documents/github/bird-bone-ai/models/.dvc/config",
  "dvc_init_output": "DVC already initialized"
}
2025-06-11 12:13:46 - dvc_operations - INFO - 游꿢 BEFORE: initialize_dvc_subdirectory
2025-06-11 12:13:46 - dvc_operations - INFO - 游닌 Input Context:
{
  "operation": "initialize_dvc_subdirectory",
  "started_at": "/Users/joshuawink/Documents/github/bird-bone-ai",
  "errors": [],
  "dvc_version": "3.60.0",
  "dvc_available": true,
  "git_available": true,
  "models_dir": "/Users/joshuawink/Documents/github/bird-bone-ai/models",
  "models_exists": true,
  "project_root": "/Users/joshuawink/Documents/github/bird-bone-ai",
  "dvc_initialized": true,
  "dvc_dir": "/Users/joshuawink/Documents/github/bird-bone-ai/models/.dvc",
  "dvc_config_path": "/Users/joshuawink/Documents/github/bird-bone-ai/models/.dvc/config",
  "dvc_init_output": "DVC already initialized"
}
2025-06-11 12:13:46 - dvc_operations - INFO - 游끠 AFTER: configure_dvc_cache
2025-06-11 12:13:46 - dvc_operations - INFO - 游닋 Output Context:
{
  "operation": "configure_dvc_cache",
  "started_at": "/Users/joshuawink/Documents/github/bird-bone-ai",
  "errors": [],
  "dvc_version": "3.60.0",
  "dvc_available": true,
  "git_available": true,
  "models_dir": "/Users/joshuawink/Documents/github/bird-bone-ai/models",
  "models_exists": true,
  "project_root": "/Users/joshuawink/Documents/github/bird-bone-ai",
  "dvc_initialized": true,
  "dvc_dir": "/Users/joshuawink/Documents/github/bird-bone-ai/models/.dvc",
  "dvc_config_path": "/Users/joshuawink/Documents/github/bird-bone-ai/models/.dvc/config",
  "dvc_init_output": "DVC already initialized",
  "cache_config": {
    "type": "reflink,copy",
    "protected": true
  },
  "cache_configured": true
}
2025-06-11 12:13:46 - dvc_operations - INFO - 游꿢 BEFORE: configure_dvc_cache
2025-06-11 12:13:46 - dvc_operations - INFO - 游닌 Input Context:
{
  "operation": "configure_dvc_cache",
  "started_at": "/Users/joshuawink/Documents/github/bird-bone-ai",
  "errors": [],
  "dvc_version": "3.60.0",
  "dvc_available": true,
  "git_available": true,
  "models_dir": "/Users/joshuawink/Documents/github/bird-bone-ai/models",
  "models_exists": true,
  "project_root": "/Users/joshuawink/Documents/github/bird-bone-ai",
  "dvc_initialized": true,
  "dvc_dir": "/Users/joshuawink/Documents/github/bird-bone-ai/models/.dvc",
  "dvc_config_path": "/Users/joshuawink/Documents/github/bird-bone-ai/models/.dvc/config",
  "dvc_init_output": "DVC already initialized",
  "cache_config": {
    "type": "reflink,copy",
    "protected": true
  },
  "cache_configured": true
}
2025-06-11 12:13:46 - dvc_operations - INFO - 游끠 AFTER: setup_dvcignore
2025-06-11 12:13:46 - dvc_operations - INFO - 游닋 Output Context:
{
  "operation": "setup_dvcignore",
  "started_at": "/Users/joshuawink/Documents/github/bird-bone-ai",
  "errors": [],
  "dvc_version": "3.60.0",
  "dvc_available": true,
  "git_available": true,
  "models_dir": "/Users/joshuawink/Documents/github/bird-bone-ai/models",
  "models_exists": true,
  "project_root": "/Users/joshuawink/Documents/github/bird-bone-ai",
  "dvc_initialized": true,
  "dvc_dir": "/Users/joshuawink/Documents/github/bird-bone-ai/models/.dvc",
  "dvc_config_path": "/Users/joshuawink/Documents/github/bird-bone-ai/models/.dvc/config",
  "dvc_init_output": "DVC already initialized",
  "cache_config": {
    "type": "reflink,copy",
    "protected": true
  },
  "cache_configured": true,
  "dvcignore_path": "/Users/joshuawink/Documents/github/bird-bone-ai/models/.dvcignore",
  "dvcignore_created": true
}
2025-06-11 12:13:46 - dvc_operations - INFO - 游꿢 BEFORE: setup_dvcignore
2025-06-11 12:13:46 - dvc_operations - INFO - 游닌 Input Context:
{
  "operation": "setup_dvcignore",
  "started_at": "/Users/joshuawink/Documents/github/bird-bone-ai",
  "errors": [],
  "dvc_version": "3.60.0",
  "dvc_available": true,
  "git_available": true,
  "models_dir": "/Users/joshuawink/Documents/github/bird-bone-ai/models",
  "models_exists": true,
  "project_root": "/Users/joshuawink/Documents/github/bird-bone-ai",
  "dvc_initialized": true,
  "dvc_dir": "/Users/joshuawink/Documents/github/bird-bone-ai/models/.dvc",
  "dvc_config_path": "/Users/joshuawink/Documents/github/bird-bone-ai/models/.dvc/config",
  "dvc_init_output": "DVC already initialized",
  "cache_config": {
    "type": "reflink,copy",
    "protected": true
  },
  "cache_configured": true,
  "dvcignore_path": "/Users/joshuawink/Documents/github/bird-bone-ai/models/.dvcignore",
  "dvcignore_created": true
}
2025-06-11 12:13:46 - dvc_operations - INFO - 游끠 AFTER: create_sample_pipeline
2025-06-11 12:13:46 - dvc_operations - INFO - 游닋 Output Context:
{
  "operation": "create_sample_pipeline",
  "started_at": "/Users/joshuawink/Documents/github/bird-bone-ai",
  "errors": [],
  "dvc_version": "3.60.0",
  "dvc_available": true,
  "git_available": true,
  "models_dir": "/Users/joshuawink/Documents/github/bird-bone-ai/models",
  "models_exists": true,
  "project_root": "/Users/joshuawink/Documents/github/bird-bone-ai",
  "dvc_initialized": true,
  "dvc_dir": "/Users/joshuawink/Documents/github/bird-bone-ai/models/.dvc",
  "dvc_config_path": "/Users/joshuawink/Documents/github/bird-bone-ai/models/.dvc/config",
  "dvc_init_output": "DVC already initialized",
  "cache_config": {
    "type": "reflink,copy",
    "protected": true
  },
  "cache_configured": true,
  "dvcignore_path": "/Users/joshuawink/Documents/github/bird-bone-ai/models/.dvcignore",
  "dvcignore_created": true,
  "dvc_yaml_path": "/Users/joshuawink/Documents/github/bird-bone-ai/models/dvc.yaml",
  "pipeline_created": true,
  "sample_pipeline": "[dict with 2 keys]",
  "gitignore_path": "/Users/joshuawink/Documents/github/bird-bone-ai/models/.gitignore"
}
2025-06-11 12:13:46 - dvc_operations - INFO - 游꿢 BEFORE: create_sample_pipeline
2025-06-11 12:13:46 - dvc_operations - INFO - 游닌 Input Context:
{
  "operation": "create_sample_pipeline",
  "started_at": "/Users/joshuawink/Documents/github/bird-bone-ai",
  "errors": [],
  "dvc_version": "3.60.0",
  "dvc_available": true,
  "git_available": true,
  "models_dir": "/Users/joshuawink/Documents/github/bird-bone-ai/models",
  "models_exists": true,
  "project_root": "/Users/joshuawink/Documents/github/bird-bone-ai",
  "dvc_initialized": true,
  "dvc_dir": "/Users/joshuawink/Documents/github/bird-bone-ai/models/.dvc",
  "dvc_config_path": "/Users/joshuawink/Documents/github/bird-bone-ai/models/.dvc/config",
  "dvc_init_output": "DVC already initialized",
  "cache_config": {
    "type": "reflink,copy",
    "protected": true
  },
  "cache_configured": true,
  "dvcignore_path": "/Users/joshuawink/Documents/github/bird-bone-ai/models/.dvcignore",
  "dvcignore_created": true,
  "dvc_yaml_path": "/Users/joshuawink/Documents/github/bird-bone-ai/models/dvc.yaml",
  "pipeline_created": true,
  "sample_pipeline": "[dict with 2 keys]",
  "gitignore_path": "/Users/joshuawink/Documents/github/bird-bone-ai/models/.gitignore"
}
2025-06-11 12:13:47 - dvc_operations - INFO - 游끠 AFTER: test_dvc_operations
2025-06-11 12:13:47 - dvc_operations - INFO - 游닋 Output Context:
{
  "operation": "test_dvc_operations",
  "started_at": "/Users/joshuawink/Documents/github/bird-bone-ai",
  "errors": [],
  "dvc_version": "3.60.0",
  "dvc_available": true,
  "git_available": true,
  "models_dir": "/Users/joshuawink/Documents/github/bird-bone-ai/models",
  "models_exists": true,
  "project_root": "/Users/joshuawink/Documents/github/bird-bone-ai",
  "dvc_initialized": true,
  "dvc_dir": "/Users/joshuawink/Documents/github/bird-bone-ai/models/.dvc",
  "dvc_config_path": "/Users/joshuawink/Documents/github/bird-bone-ai/models/.dvc/config",
  "dvc_init_output": "DVC already initialized",
  "cache_config": {
    "type": "reflink,copy",
    "protected": true
  },
  "cache_configured": true,
  "dvcignore_path": "/Users/joshuawink/Documents/github/bird-bone-ai/models/.dvcignore",
  "dvcignore_created": true,
  "dvc_yaml_path": "/Users/joshuawink/Documents/github/bird-bone-ai/models/dvc.yaml",
  "pipeline_created": true,
  "sample_pipeline": "[dict with 2 keys]",
  "gitignore_path": "/Users/joshuawink/Documents/github/bird-bone-ai/models/.gitignore",
  "test_results": "[4 items]",
  "all_tests_passed": true
}
