2025-06-11 12:11:08 - dvc_operations - INFO - 游꿢 BEFORE: dvc_initialization
2025-06-11 12:11:08 - dvc_operations - INFO - 游닌 Input Context Keys: ['operation', 'started_at', 'errors']
2025-06-11 12:11:08 - dvc_operations - INFO - 游끠 AFTER: validate_prerequisites
2025-06-11 12:11:08 - dvc_operations - INFO - 游닋 Output Context Keys: ['operation', 'started_at', 'errors', 'dvc_version', 'dvc_available', 'git_available', 'models_dir', 'models_exists', 'project_root']
2025-06-11 12:11:08 - dvc_operations - INFO - 游꿢 BEFORE: validate_prerequisites
2025-06-11 12:11:08 - dvc_operations - INFO - 游닌 Input Context Keys: ['operation', 'started_at', 'errors', 'dvc_version', 'dvc_available', 'git_available', 'models_dir', 'models_exists', 'project_root']
2025-06-11 12:11:08 - dvc_operations - INFO - 游끠 AFTER: initialize_dvc_subdirectory
2025-06-11 12:11:08 - dvc_operations - INFO - 游닋 Output Context Keys: ['operation', 'started_at', 'errors', 'dvc_version', 'dvc_available', 'git_available', 'models_dir', 'models_exists', 'project_root', 'dvc_initialized', 'dvc_dir', 'dvc_config_path', 'dvc_init_output']
2025-06-11 12:11:08 - dvc_operations - INFO - 游꿢 BEFORE: initialize_dvc_subdirectory
2025-06-11 12:11:08 - dvc_operations - INFO - 游닌 Input Context Keys: ['operation', 'started_at', 'errors', 'dvc_version', 'dvc_available', 'git_available', 'models_dir', 'models_exists', 'project_root', 'dvc_initialized', 'dvc_dir', 'dvc_config_path', 'dvc_init_output']
2025-06-11 12:11:09 - dvc_operations - INFO - 游끠 AFTER: configure_dvc_cache
2025-06-11 12:11:09 - dvc_operations - INFO - 游닋 Output Context Keys: ['operation', 'started_at', 'errors', 'dvc_version', 'dvc_available', 'git_available', 'models_dir', 'models_exists', 'project_root', 'dvc_initialized', 'dvc_dir', 'dvc_config_path', 'dvc_init_output', 'cache_config', 'cache_configured']
2025-06-11 12:11:09 - dvc_operations - INFO - 游꿢 BEFORE: configure_dvc_cache
2025-06-11 12:11:09 - dvc_operations - INFO - 游닌 Input Context Keys: ['operation', 'started_at', 'errors', 'dvc_version', 'dvc_available', 'git_available', 'models_dir', 'models_exists', 'project_root', 'dvc_initialized', 'dvc_dir', 'dvc_config_path', 'dvc_init_output', 'cache_config', 'cache_configured']
2025-06-11 12:11:09 - dvc_operations - INFO - 游끠 AFTER: setup_dvcignore
2025-06-11 12:11:09 - dvc_operations - INFO - 游닋 Output Context Keys: ['operation', 'started_at', 'errors', 'dvc_version', 'dvc_available', 'git_available', 'models_dir', 'models_exists', 'project_root', 'dvc_initialized', 'dvc_dir', 'dvc_config_path', 'dvc_init_output', 'cache_config', 'cache_configured', 'dvcignore_path', 'dvcignore_created']
2025-06-11 12:11:09 - dvc_operations - INFO - 游꿢 BEFORE: setup_dvcignore
2025-06-11 12:11:09 - dvc_operations - INFO - 游닌 Input Context Keys: ['operation', 'started_at', 'errors', 'dvc_version', 'dvc_available', 'git_available', 'models_dir', 'models_exists', 'project_root', 'dvc_initialized', 'dvc_dir', 'dvc_config_path', 'dvc_init_output', 'cache_config', 'cache_configured', 'dvcignore_path', 'dvcignore_created']
2025-06-11 12:11:09 - dvc_operations - INFO - 游끠 AFTER: create_sample_pipeline
2025-06-11 12:11:09 - dvc_operations - INFO - 游닋 Output Context Keys: ['operation', 'started_at', 'errors', 'dvc_version', 'dvc_available', 'git_available', 'models_dir', 'models_exists', 'project_root', 'dvc_initialized', 'dvc_dir', 'dvc_config_path', 'dvc_init_output', 'cache_config', 'cache_configured', 'dvcignore_path', 'dvcignore_created', 'dvc_yaml_path', 'pipeline_created', 'sample_pipeline', 'gitignore_path']
2025-06-11 12:11:09 - dvc_operations - INFO - 游꿢 BEFORE: create_sample_pipeline
2025-06-11 12:11:09 - dvc_operations - INFO - 游닌 Input Context Keys: ['operation', 'started_at', 'errors', 'dvc_version', 'dvc_available', 'git_available', 'models_dir', 'models_exists', 'project_root', 'dvc_initialized', 'dvc_dir', 'dvc_config_path', 'dvc_init_output', 'cache_config', 'cache_configured', 'dvcignore_path', 'dvcignore_created', 'dvc_yaml_path', 'pipeline_created', 'sample_pipeline', 'gitignore_path']
2025-06-11 12:11:10 - dvc_operations - INFO - 游끠 AFTER: test_dvc_operations
2025-06-11 12:11:10 - dvc_operations - INFO - 游닋 Output Context Keys: ['operation', 'started_at', 'errors', 'dvc_version', 'dvc_available', 'git_available', 'models_dir', 'models_exists', 'project_root', 'dvc_initialized', 'dvc_dir', 'dvc_config_path', 'dvc_init_output', 'cache_config', 'cache_configured', 'dvcignore_path', 'dvcignore_created', 'dvc_yaml_path', 'pipeline_created', 'sample_pipeline', 'gitignore_path', 'test_results', 'all_tests_passed']
